<?xml version="1.0" encoding="UTF-8"?>
<coverage generated="1692969637350" clover="3.2.0">
  <project timestamp="1692969637350" name="All files">
    <metrics statements="8" coveredstatements="8" conditionals="1" coveredconditionals="1" methods="3" coveredmethods="3" elements="12" coveredelements="12" complexity="0" loc="8" ncloc="8" packages="1" files="1" classes="1"/>
    <file name="Utils.ts" path="C:\Users\theGr\Projects\current\Unit_Testing_for_Typescript_and_NodeJs\Section_02\src\app\Utils.ts">
      <metrics statements="8" coveredstatements="8" conditionals="1" coveredconditionals="1" methods="3" coveredmethods="3"/>
      <line num="1" count="1" type="stmt"/>
      <line num="3" count="5" type="cond" truecount="1" falsecount="0"/>
      <line num="4" count="4" type="stmt"/>
      <line num="6" count="1" type="stmt"/>
      <line num="10" count="1" type="stmt"/>
      <line num="11" count="4" type="stmt"/>
      <line num="22" count="1" type="stmt"/>
      <line num="23" count="6" type="stmt"/>
    </file>
  </project>
</coverage>
