{"C:\\Users\\theGr\\Projects\\current\\Unit_Testing_for_Typescript_and_NodeJs\\Section_02\\src\\app\\Utils.ts": {"path":"C:\\Users\\theGr\\Projects\\current\\Unit_Testing_for_Typescript_and_NodeJs\\Section_02\\src\\app\\Utils.ts","statementMap":{"0":{"start":{"line":3,"column":4},"end":{"line":5,"column":null}},"1":{"start":{"line":4,"column":6},"end":{"line":4,"column":42}},"2":{"start":{"line":6,"column":4},"end":{"line":6,"column":28}},"3":{"start":{"line":1,"column":0},"end":{"line":1,"column":13}},"4":{"start":{"line":11,"column":2},"end":{"line":11,"column":27}},"5":{"start":{"line":10,"column":0},"end":{"line":10,"column":16}},"6":{"start":{"line":23,"column":2},"end":{"line":29,"column":4}},"7":{"start":{"line":22,"column":0},"end":{"line":22,"column":16}}},"fnMap":{"0":{"name":"(anonymous_0)","decl":{"start":{"line":2,"column":9},"end":{"line":2,"column":20}},"loc":{"start":{"line":2,"column":32},"end":{"line":7,"column":3}}},"1":{"name":"toUpperCase","decl":{"start":{"line":10,"column":16},"end":{"line":10,"column":27}},"loc":{"start":{"line":10,"column":39},"end":{"line":12,"column":1}}},"2":{"name":"getStringInfo","decl":{"start":{"line":22,"column":16},"end":{"line":22,"column":29}},"loc":{"start":{"line":22,"column":41},"end":{"line":30,"column":1}}}},"branchMap":{"0":{"loc":{"start":{"line":3,"column":4},"end":{"line":5,"column":null}},"type":"if","locations":[{"start":{"line":3,"column":4},"end":{"line":5,"column":null}}]}},"s":{"0":5,"1":4,"2":1,"3":1,"4":4,"5":1,"6":6,"7":1},"f":{"0":5,"1":4,"2":6},"b":{"0":[4]}}
}
