{"C:\\Users\\theGr\\Projects\\web\\Unit_Testing_for_Typescript_and_NodeJs\\Section_02\\src\\app\\Utils.ts": {"path":"C:\\Users\\theGr\\Projects\\web\\Unit_Testing_for_Typescript_and_NodeJs\\Section_02\\src\\app\\Utils.ts","statementMap":{"0":{"start":{"line":2,"column":2},"end":{"line":2,"column":27}},"1":{"start":{"line":1,"column":0},"end":{"line":1,"column":16}},"2":{"start":{"line":14,"column":2},"end":{"line":20,"column":4}},"3":{"start":{"line":13,"column":0},"end":{"line":13,"column":16}}},"fnMap":{"0":{"name":"toUpperCase","decl":{"start":{"line":1,"column":16},"end":{"line":1,"column":27}},"loc":{"start":{"line":1,"column":39},"end":{"line":3,"column":1}}},"1":{"name":"getStringInfo","decl":{"start":{"line":13,"column":16},"end":{"line":13,"column":29}},"loc":{"start":{"line":13,"column":41},"end":{"line":21,"column":1}}}},"branchMap":{},"s":{"0":0,"1":1,"2":6,"3":1},"f":{"0":0,"1":6},"b":{}}
}
